<?xml version="1.0" encoding="UTF-8"?>
<!-- Generated by org.testng.reporters.JUnitXMLReporter -->
<testsuite ignored="0" hostname="DESKTOP-AH9UB51" failures="0" tests="3" name="Default test" time="54.8" errors="0" timestamp="2025-09-23T08:01:17 IST">
  <testcase classname="testNG_Demo.GoogleSearchTest" name="searchMonument" time="2.608"/>
  <testcase classname="testNG_Demo.GoogleSearchTest" name="searchMonument" time="2.653"/>
  <testcase classname="testNG_Demo.GoogleSearchTest" name="searchMonument" time="6.614"/>
</testsuite> <!-- Default test -->
