<?xml version="1.0" encoding="UTF-8"?>
<testng-results ignored="0" total="3" passed="3" failed="0" skipped="0">
  <reporter-output>
  </reporter-output>
  <suite started-at="2025-09-23T08:00:22 IST" name="Default suite" finished-at="2025-09-23T08:01:17 IST" duration-ms="54800">
    <groups>
    </groups>
    <test started-at="2025-09-23T08:00:22 IST" name="Default test" finished-at="2025-09-23T08:01:17 IST" duration-ms="54800">
      <class name="testNG_Demo.GoogleSearchTest">
        <test-method is-config="true" signature="setUp()[pri:0, instance:testNG_Demo.GoogleSearchTest@2cd76f31]" started-at="2025-09-23T08:00:23 IST" name="setUp" finished-at="2025-09-23T08:00:34 IST" duration-ms="11349" status="PASS">
          <reporter-output>
          </reporter-output>
        </test-method> <!-- setUp -->
        <test-method signature="searchMonument(java.lang.String,java.lang.String)[pri:0, instance:testNG_Demo.GoogleSearchTest@2cd76f31]" started-at="2025-09-23T08:00:34 IST" name="searchMonument" data-provider="searchData" finished-at="2025-09-23T08:00:36 IST" duration-ms="2608" status="PASS">
          <params>
            <param index="0">
              <value>
                <![CDATA[India]]>
              </value>
            </param>
            <param index="1">
              <value>
                <![CDATA[Qutub Minar]]>
              </value>
            </param>
          </params>
          <reporter-output>
          </reporter-output>
        </test-method> <!-- searchMonument -->
        <test-method is-config="true" signature="tearDown()[pri:0, instance:testNG_Demo.GoogleSearchTest@2cd76f31]" started-at="2025-09-23T08:00:36 IST" name="tearDown" finished-at="2025-09-23T08:00:37 IST" duration-ms="320" status="PASS">
          <reporter-output>
          </reporter-output>
        </test-method> <!-- tearDown -->
        <test-method is-config="true" signature="setUp()[pri:0, instance:testNG_Demo.GoogleSearchTest@2cd76f31]" started-at="2025-09-23T08:00:37 IST" name="setUp" finished-at="2025-09-23T08:01:02 IST" duration-ms="25059" status="PASS">
          <reporter-output>
          </reporter-output>
        </test-method> <!-- setUp -->
        <test-method signature="searchMonument(java.lang.String,java.lang.String)[pri:0, instance:testNG_Demo.GoogleSearchTest@2cd76f31]" started-at="2025-09-23T08:01:02 IST" name="searchMonument" data-provider="searchData" finished-at="2025-09-23T08:01:05 IST" duration-ms="2653" status="PASS">
          <params>
            <param index="0">
              <value>
                <![CDATA[Agra]]>
              </value>
            </param>
            <param index="1">
              <value>
                <![CDATA[Taj Mahal]]>
              </value>
            </param>
          </params>
          <reporter-output>
          </reporter-output>
        </test-method> <!-- searchMonument -->
        <test-method is-config="true" signature="tearDown()[pri:0, instance:testNG_Demo.GoogleSearchTest@2cd76f31]" started-at="2025-09-23T08:01:05 IST" name="tearDown" finished-at="2025-09-23T08:01:05 IST" duration-ms="341" status="PASS">
          <reporter-output>
          </reporter-output>
        </test-method> <!-- tearDown -->
        <test-method is-config="true" signature="setUp()[pri:0, instance:testNG_Demo.GoogleSearchTest@2cd76f31]" started-at="2025-09-23T08:01:05 IST" name="setUp" finished-at="2025-09-23T08:01:10 IST" duration-ms="5470" status="PASS">
          <reporter-output>
          </reporter-output>
        </test-method> <!-- setUp -->
        <test-method signature="searchMonument(java.lang.String,java.lang.String)[pri:0, instance:testNG_Demo.GoogleSearchTest@2cd76f31]" started-at="2025-09-23T08:01:10 IST" name="searchMonument" data-provider="searchData" finished-at="2025-09-23T08:01:17 IST" duration-ms="6614" status="PASS">
          <params>
            <param index="0">
              <value>
                <![CDATA[Hyderabad]]>
              </value>
            </param>
            <param index="1">
              <value>
                <![CDATA[Char Minar]]>
              </value>
            </param>
          </params>
          <reporter-output>
          </reporter-output>
        </test-method> <!-- searchMonument -->
        <test-method is-config="true" signature="tearDown()[pri:0, instance:testNG_Demo.GoogleSearchTest@2cd76f31]" started-at="2025-09-23T08:01:17 IST" name="tearDown" finished-at="2025-09-23T08:01:17 IST" duration-ms="248" status="PASS">
          <reporter-output>
          </reporter-output>
        </test-method> <!-- tearDown -->
      </class> <!-- testNG_Demo.GoogleSearchTest -->
    </test> <!-- Default test -->
  </suite> <!-- Default suite -->
</testng-results>
